<?xml version="1.0" encoding="UTF-8"?>
<testng-results ignored="0" total="1" passed="1" failed="0" skipped="0">
  <reporter-output>
  </reporter-output>
  <suite started-at="2023-07-21T19:08:08 IST" name="MyStoreProject" finished-at="2023-07-21T19:08:25 IST" duration-ms="17002">
    <groups>
    </groups>
    <test started-at="2023-07-21T19:08:08 IST" name="Login test" finished-at="2023-07-21T19:08:25 IST" duration-ms="17002">
      <class name="com.inetbanking.testcases.TC_LoginTest_01">
        <test-method is-config="true" signature="setup(java.lang.String)[pri:0, instance:com.inetbanking.testcases.TC_LoginTest_01@34123d65]" started-at="2023-07-21T19:08:08 IST" name="setup" finished-at="2023-07-21T19:08:21 IST" duration-ms="13026" status="PASS">
          <params>
            <param index="0">
              <value>
                <![CDATA[chrome]]>
              </value>
            </param>
          </params>
          <reporter-output>
          </reporter-output>
        </test-method> <!-- setup -->
        <test-method signature="loginTest()[pri:0, instance:com.inetbanking.testcases.TC_LoginTest_01@34123d65]" started-at="2023-07-21T19:08:21 IST" name="loginTest" finished-at="2023-07-21T19:08:24 IST" duration-ms="2789" status="PASS">
          <reporter-output>
          </reporter-output>
        </test-method> <!-- loginTest -->
        <test-method is-config="true" signature="tearDown()[pri:0, instance:com.inetbanking.testcases.TC_LoginTest_01@34123d65]" started-at="2023-07-21T19:08:24 IST" name="tearDown" finished-at="2023-07-21T19:08:25 IST" duration-ms="1107" status="PASS">
          <reporter-output>
          </reporter-output>
        </test-method> <!-- tearDown -->
      </class> <!-- com.inetbanking.testcases.TC_LoginTest_01 -->
    </test> <!-- Login test -->
  </suite> <!-- MyStoreProject -->
</testng-results>
