<?xml version="1.0" encoding="UTF-8"?>
<testng-results ignored="0" total="1" passed="1" failed="0" skipped="0">
  <reporter-output>
  </reporter-output>
  <suite started-at="2023-07-15T18:08:12 IST" name="MyStoreProject" finished-at="2023-07-15T18:08:51 IST" duration-ms="38919">
    <groups>
    </groups>
    <test started-at="2023-07-15T18:08:12 IST" name="Login test" finished-at="2023-07-15T18:08:51 IST" duration-ms="38919">
      <class name="com.inetbanking.testcases.TC_LoginTest_01">
        <test-method is-config="true" signature="setup(java.lang.String)[pri:0, instance:com.inetbanking.testcases.TC_LoginTest_01@477b4cdf]" started-at="2023-07-15T18:08:12 IST" name="setup" finished-at="2023-07-15T18:08:37 IST" duration-ms="25038" status="PASS">
          <params>
            <param index="0">
              <value>
                <![CDATA[chrome]]>
              </value>
            </param>
          </params>
          <reporter-output>
          </reporter-output>
        </test-method> <!-- setup -->
        <test-method signature="loginTest()[pri:0, instance:com.inetbanking.testcases.TC_LoginTest_01@477b4cdf]" started-at="2023-07-15T18:08:37 IST" name="loginTest" finished-at="2023-07-15T18:08:41 IST" duration-ms="4089" status="PASS">
          <reporter-output>
          </reporter-output>
        </test-method> <!-- loginTest -->
        <test-method is-config="true" signature="tearDown()[pri:0, instance:com.inetbanking.testcases.TC_LoginTest_01@477b4cdf]" started-at="2023-07-15T18:08:41 IST" name="tearDown" finished-at="2023-07-15T18:08:51 IST" duration-ms="9734" status="PASS">
          <reporter-output>
          </reporter-output>
        </test-method> <!-- tearDown -->
      </class> <!-- com.inetbanking.testcases.TC_LoginTest_01 -->
    </test> <!-- Login test -->
  </suite> <!-- MyStoreProject -->
</testng-results>
